<?xml version="1.0" encoding="UTF-8"?>
<!-- Generated by org.testng.reporters.JUnitReportReporter -->
<testsuite skipped="0" hostname="LAPTOP-R0317NUN" name="com.qa.testcases.ZeroBankingLogin" tests="2" failures="0" timestamp="2020-07-28T18:38:34 EDT" time="18.846" errors="0">
  <testcase name="verifyLogin" time="8.756" classname="com.qa.testcases.ZeroBankingLogin"/>
  <system-out/>
  <testcase name="verifyLogo" time="10.090" classname="com.qa.testcases.ZeroBankingLogin"/>
  <system-out/>
</testsuite> <!-- com.qa.testcases.ZeroBankingLogin -->
